0 info it worked if it ends with ok
1 verbose cli [ '/usr/bin/node',
1 verbose cli   '/usr/share/npm/bin/npm-cli.js',
1 verbose cli   'run',
1 verbose cli   'server',
1 verbose cli   '--scripts-prepend-node-path=auto' ]
2 info using npm@3.5.2
3 info using node@v8.10.0
4 verbose run-script [ 'preserver', 'server', 'postserver' ]
5 info lifecycle mweb3-demo-waves@0.1.0~preserver: mweb3-demo-waves@0.1.0
6 silly lifecycle mweb3-demo-waves@0.1.0~preserver: no script for preserver, continuing
7 info lifecycle mweb3-demo-waves@0.1.0~server: mweb3-demo-waves@0.1.0
8 verbose lifecycle mweb3-demo-waves@0.1.0~server: unsafe-perm in lifecycle true
9 verbose lifecycle mweb3-demo-waves@0.1.0~server: PATH: /usr/share/npm/bin/node-gyp-bin:/home/sergey/Desktop/mweb3waves/node_modules/.bin:/usr/local/sbin:/usr/local/bin:/usr/sbin:/usr/bin:/sbin:/bin:/usr/games:/usr/local/games:/snap/bin
10 verbose lifecycle mweb3-demo-waves@0.1.0~server: CWD: /home/sergey/Desktop/mweb3waves
11 silly lifecycle mweb3-demo-waves@0.1.0~server: Args: [ '-c', 'node index.js' ]
12 silly lifecycle mweb3-demo-waves@0.1.0~server: Returned: code: 137  signal: null
13 info lifecycle mweb3-demo-waves@0.1.0~server: Failed to exec server script
14 verbose stack Error: mweb3-demo-waves@0.1.0 server: `node index.js`
14 verbose stack Exit status 137
14 verbose stack     at EventEmitter.<anonymous> (/usr/share/npm/lib/utils/lifecycle.js:232:16)
14 verbose stack     at emitTwo (events.js:126:13)
14 verbose stack     at EventEmitter.emit (events.js:214:7)
14 verbose stack     at ChildProcess.<anonymous> (/usr/share/npm/lib/utils/spawn.js:24:14)
14 verbose stack     at emitTwo (events.js:126:13)
14 verbose stack     at ChildProcess.emit (events.js:214:7)
14 verbose stack     at maybeClose (internal/child_process.js:925:16)
14 verbose stack     at Process.ChildProcess._handle.onexit (internal/child_process.js:209:5)
15 verbose pkgid mweb3-demo-waves@0.1.0
16 verbose cwd /home/sergey/Desktop/mweb3waves
17 error Linux 4.18.0-20-generic
18 error argv "/usr/bin/node" "/usr/share/npm/bin/npm-cli.js" "run" "server" "--scripts-prepend-node-path=auto"
19 error node v8.10.0
20 error npm  v3.5.2
21 error code ELIFECYCLE
22 error mweb3-demo-waves@0.1.0 server: `node index.js`
22 error Exit status 137
23 error Failed at the mweb3-demo-waves@0.1.0 server script 'node index.js'.
23 error Make sure you have the latest version of node.js and npm installed.
23 error If you do, this is most likely a problem with the mweb3-demo-waves package,
23 error not with npm itself.
23 error Tell the author that this fails on your system:
23 error     node index.js
23 error You can get information on how to open an issue for this project with:
23 error     npm bugs mweb3-demo-waves
23 error Or if that isn't available, you can get their info via:
23 error     npm owner ls mweb3-demo-waves
23 error There is likely additional logging output above.
24 verbose exit [ 1, true ]
